<?xml version="1.0" encoding="UTF-8"?>
<testsuite xmlns:xsi="http://www.w3.org/2001/XMLSchema-instance" xsi:noNamespaceSchemaLocation="https://maven.apache.org/surefire/maven-surefire-plugin/xsd/surefire-test-report.xsd" version="3.0.2" name="cucumber.Options.TestRunner" time="5.949" tests="2" errors="0" skipped="0" failures="0">
  <properties>
[...]
</properties>
  <testcase name="Verify if place is being successfully added using Add place API" classname="Validating place API&apos;s" time="3.87">
    <system-out><![CDATA[/maps/api/place/add/json
Place ID: 12165ea64d800f83a95d9777e2da40d2
/maps/api/place/get/json
]]></system-out>
  </testcase>
  <testcase name="Verify if delete place functionality is working or not." classname="Validating place API&apos;s" time="1.703">
    <system-out><![CDATA[/maps/api/place/delete/json
]]></system-out>
  </testcase>
</testsuite>